<?xml version="1.0" encoding="UTF-8"?>
<!-- Generated by org.testng.reporters.JUnitReportReporter -->
<testsuite hostname="DESKTOP-LRR6GFM" failures="0" tests="1" name="flipkartWebPageTestcases.flipkartLoginPageTestCAses" time="87.689" errors="0" timestamp="2021-08-09T00:39:43 IST" skipped="0">
  <testcase classname="flipkartWebPageTestcases.flipkartLoginPageTestCAses" name="flipkartLoginPageCredentials" time="87.689"/>
  <system-out/>
</testsuite> <!-- flipkartWebPageTestcases.flipkartLoginPageTestCAses -->
